<?xml version="1.0" encoding="utf-8"?><testsuites><testsuite errors="0" failures="0" hostname="akbajpai.remote.csb" name="pytest" skipped="0" tests="6" time="0.080" timestamp="2023-01-17T16:17:20.351284"><testcase classname="test_check" name="test_create[junk1.txt]" time="0.002" /><testcase classname="test_check" name="test_create[junk2.txt]" time="0.002" /><testcase classname="test_check" name="test_create[junk3.txt]" time="0.002" /><testcase classname="test_check" name="test_delete[junk1.txt]" time="0.006" /><testcase classname="test_check" name="test_delete[junk2.txt]" time="0.005" /><testcase classname="test_check" name="test_delete[junk3.txt]" time="0.005" /></testsuite></testsuites>